{"level":"error","service":"user-service"}
{"level":"error","service":"user-service"}
{"level":"error","service":"user-service"}
{"level":"error","service":"user-service"}
{"level":"error","service":"user-service"}
{"level":"error","service":"user-service"}
{"statusCode":400,"level":"error","service":"user-service"}
{"statusCode":400,"level":"error","service":"user-service"}
{"statusCode":400,"level":"error","service":"user-service"}
{"statusCode":400,"level":"error","service":"user-service"}
{"level":"error","service":"user-service"}
{"statusCode":400,"level":"error","service":"user-service"}
{"statusCode":400,"level":"error","service":"user-service"}
{"statusCode":400,"level":"error","service":"user-service"}
{"statusCode":400,"level":"error","service":"user-service"}
{"statusCode":400,"level":"error","service":"user-service"}
{"level":"error","service":"user-service"}
{"level":"error","service":"user-service"}
{"level":"error","service":"user-service"}
{"level":"error","service":"user-service"}
{"level":"error","service":"user-service"}
{"level":"error","service":"user-service"}
{"level":"error","service":"user-service"}
{"level":"error","service":"user-service"}
{"name":"MulterError","message":"Unexpected field","code":"LIMIT_UNEXPECTED_FILE","field":"avatar11","storageErrors":[],"level":"error","service":"user-service"}
{"name":"MulterError","message":"Unexpected field","code":"LIMIT_UNEXPECTED_FILE","field":"avatar11","storageErrors":[],"level":"error","service":"user-service"}
{"name":"MulterError","message":"Unexpected field","code":"LIMIT_UNEXPECTED_FILE","field":"avatar","storageErrors":[],"level":"error","service":"user-service"}
{"message":"Inaccessible host: `mosaic-s3.s3.asia'. This service may not be available in the `Asia Pacific(Singapore)' region.","code":"UnknownEndpoint","region":"Asia Pacific(Singapore)","hostname":"mosaic-s3.s3.asia","retryable":true,"originalError":{"message":"getaddrinfo ENOTFOUND mosaic-s3.s3.asia mosaic-s3.s3.asia:443","errno":"ENOTFOUND","code":"NetworkingError","syscall":"getaddrinfo","hostname":"mosaic-s3.s3.asia","host":"mosaic-s3.s3.asia","port":443,"region":"Asia Pacific(Singapore)","retryable":true,"time":"2019-08-10T07:01:23.285Z"},"time":"2019-08-10T07:01:23.285Z","storageErrors":[],"level":"error","service":"user-service"}
{"message":"Inaccessible host: `mosaic-s3.s3.asia'. This service may not be available in the `Asia Pacific(Singapore)' region.","code":"UnknownEndpoint","region":"Asia Pacific(Singapore)","hostname":"mosaic-s3.s3.asia","retryable":true,"originalError":{"message":"getaddrinfo ENOTFOUND mosaic-s3.s3.asia mosaic-s3.s3.asia:443","errno":"ENOTFOUND","code":"NetworkingError","syscall":"getaddrinfo","hostname":"mosaic-s3.s3.asia","host":"mosaic-s3.s3.asia","port":443,"region":"Asia Pacific(Singapore)","retryable":true,"time":"2019-08-10T07:02:30.648Z"},"time":"2019-08-10T07:02:30.648Z","storageErrors":[],"level":"error","service":"user-service"}
{"message":"Inaccessible host: `mosaic-s3.s3.asia'. This service may not be available in the `Asia Pacific(Singapore)' region.","code":"UnknownEndpoint","region":"Asia Pacific(Singapore)","hostname":"mosaic-s3.s3.asia","retryable":true,"originalError":{"message":"getaddrinfo ENOTFOUND mosaic-s3.s3.asia mosaic-s3.s3.asia:443","errno":"ENOTFOUND","code":"NetworkingError","syscall":"getaddrinfo","hostname":"mosaic-s3.s3.asia","host":"mosaic-s3.s3.asia","port":443,"region":"Asia Pacific(Singapore)","retryable":true,"time":"2019-08-10T07:07:20.473Z"},"time":"2019-08-10T07:07:20.473Z","storageErrors":[],"level":"error","service":"user-service"}
{"message":"error","level":"error","service":"user-service"}
{"message":"error","level":"error","service":"user-service"}
{"level":"error","service":"user-service"}
{"level":"error","service":"user-service"}
{"level":"error","service":"user-service"}
{"level":"error","service":"user-service"}
{"level":"error","service":"user-service"}
{"level":"error","service":"user-service"}
{"level":"error","service":"user-service"}
{"level":"error","service":"user-service"}
{"level":"error","service":"user-service"}
{"level":"error","service":"user-service"}
{"level":"error","service":"user-service"}
{"level":"error","service":"user-service"}
